# JRE version: OpenJDK Runtime Environment (8.0_242-b01) (build 1.8.0_242-release-1644-b01)
# Java VM: OpenJDK 64-Bit Server VM (25.242-b01 mixed mode windows-amd64 compressed oops)
Heap:
 PSYoungGen      total 432128K, used 158854K [0x00000000d5580000, 0x00000000f4300000, 0x0000000100000000)
  eden space 366080K, 29% used [0x00000000d5580000,0x00000000dbd4f688,0x00000000ebb00000)
  from space 66048K, 79% used [0x00000000f0280000,0x00000000f35d2338,0x00000000f4300000)
  to   space 69632K, 0% used [0x00000000ebb00000,0x00000000ebb00000,0x00000000eff00000)
 ParOldGen       total 317440K, used 196417K [0x0000000080000000, 0x0000000093600000, 0x00000000d5580000)
  object space 317440K, 61% used [0x0000000080000000,0x000000008bfd0598,0x0000000093600000)
 Metaspace       used 127704K, capacity 133162K, committed 133288K, reserved 1165312K
  class space    used 16027K, capacity 17062K, committed 17072K, reserved 1048576K
GC Heap History (10 events):
Event: 486.295 GC heap before
{Heap before GC invocations=22 (full 4):
 PSYoungGen      total 393216K, used 380227K [0x00000000d5580000, 0x00000000f4380000, 0x0000000100000000)
  eden space 331776K, 100% used [0x00000000d5580000,0x00000000e9980000,0x00000000e9980000)
  from space 61440K, 78% used [0x00000000e9980000,0x00000000ec8d0d28,0x00000000ed580000)
  to   space 66560K, 0% used [0x00000000f0280000,0x00000000f0280000,0x00000000f4380000)
 ParOldGen       total 317440K, used 75034K [0x0000000080000000, 0x0000000093600000, 0x00000000d5580000)
  object space 317440K, 23% used [0x0000000080000000,0x0000000084946828,0x0000000093600000)
 Metaspace       used 109760K, capacity 114362K, committed 114984K, reserved 1148928K
  class space    used 14109K, capacity 15008K, committed 15152K, reserved 1048576K
Event: 486.344 GC heap after
Heap after GC invocations=22 (full 4):
 PSYoungGen      total 432128K, used 47146K [0x00000000d5580000, 0x00000000f4300000, 0x0000000100000000)
  eden space 366080K, 0% used [0x00000000d5580000,0x00000000d5580000,0x00000000ebb00000)
  from space 66048K, 71% used [0x00000000f0280000,0x00000000f308a9a0,0x00000000f4300000)
  to   space 69632K, 0% used [0x00000000ebb00000,0x00000000ebb00000,0x00000000eff00000)
 ParOldGen       total 317440K, used 75042K [0x0000000080000000, 0x0000000093600000, 0x00000000d5580000)
  object space 317440K, 23% used [0x0000000080000000,0x0000000084948828,0x0000000093600000)
 Metaspace       used 109760K, capacity 114362K, committed 114984K, reserved 1148928K
  class space    used 14109K, capacity 15008K, committed 15152K, reserved 1048576K
}
Event: 492.341 GC heap before
{Heap before GC invocations=23 (full 4):
 PSYoungGen      total 432128K, used 413226K [0x00000000d5580000, 0x00000000f4300000, 0x0000000100000000)
  eden space 366080K, 100% used [0x00000000d5580000,0x00000000ebb00000,0x00000000ebb00000)
  from space 66048K, 71% used [0x00000000f0280000,0x00000000f308a9a0,0x00000000f4300000)
  to   space 69632K, 0% used [0x00000000ebb00000,0x00000000ebb00000,0x00000000eff00000)
 ParOldGen       total 317440K, used 75042K [0x0000000080000000, 0x0000000093600000, 0x00000000d5580000)
  object space 317440K, 23% used [0x0000000080000000,0x0000000084948828,0x0000000093600000)
 Metaspace       used 118082K, capacity 122962K, committed 123304K, reserved 1157120K
  class space    used 15031K, capacity 15960K, committed 16048K, reserved 1048576K
Event: 492.451 GC heap after
Heap after GC invocations=23 (full 4):
 PSYoungGen      total 435712K, used 69610K [0x00000000d5580000, 0x00000000f4300000, 0x0000000100000000)
  eden space 366080K, 0% used [0x00000000d5580000,0x00000000d5580000,0x00000000ebb00000)
  from space 69632K, 99% used [0x00000000ebb00000,0x00000000efefa900,0x00000000eff00000)
  to   space 66048K, 0% used [0x00000000f0280000,0x00000000f0280000,0x00000000f4300000)
 ParOldGen       total 317440K, used 131882K [0x0000000080000000, 0x0000000093600000, 0x00000000d5580000)
  object space 317440K, 41% used [0x0000000080000000,0x00000000880caab8,0x0000000093600000)
 Metaspace       used 118082K, capacity 122962K, committed 123304K, reserved 1157120K
  class space    used 15031K, capacity 15960K, committed 16048K, reserved 1048576K
}
Event: 520.776 GC heap before
{Heap before GC invocations=24 (full 4):
 PSYoungGen      total 435712K, used 435690K [0x00000000d5580000, 0x00000000f4300000, 0x0000000100000000)
  eden space 366080K, 100% used [0x00000000d5580000,0x00000000ebb00000,0x00000000ebb00000)
  from space 69632K, 99% used [0x00000000ebb00000,0x00000000efefa900,0x00000000eff00000)
  to   space 66048K, 0% used [0x00000000f0280000,0x00000000f0280000,0x00000000f4300000)
 ParOldGen       total 317440K, used 131882K [0x0000000080000000, 0x0000000093600000, 0x00000000d5580000)
  object space 317440K, 41% used [0x0000000080000000,0x00000000880caab8,0x0000000093600000)
 Metaspace       used 120759K, capacity 125774K, committed 126248K, reserved 1159168K
  class space    used 15281K, capacity 16250K, committed 16432K, reserved 1048576K
Event: 520.869 GC heap after
Heap after GC invocations=24 (full 4):
 PSYoungGen      total 432128K, used 66041K [0x00000000d5580000, 0x00000000f4300000, 0x0000000100000000)
  eden space 366080K, 0% used [0x00000000d5580000,0x00000000d5580000,0x00000000ebb00000)
  from space 66048K, 99% used [0x00000000f0280000,0x00000000f42fe668,0x00000000f4300000)
  to   space 69632K, 0% used [0x00000000ebb00000,0x00000000ebb00000,0x00000000eff00000)
 ParOldGen       total 317440K, used 191346K [0x0000000080000000, 0x0000000093600000, 0x00000000d5580000)
  object space 317440K, 60% used [0x0000000080000000,0x000000008badc9f0,0x0000000093600000)
 Metaspace       used 120759K, capacity 125774K, committed 126248K, reserved 1159168K
  class space    used 15281K, capacity 16250K, committed 16432K, reserved 1048576K
}
Event: 524.977 GC heap before
{Heap before GC invocations=25 (full 4):
 PSYoungGen      total 432128K, used 432121K [0x00000000d5580000, 0x00000000f4300000, 0x0000000100000000)
  eden space 366080K, 100% used [0x00000000d5580000,0x00000000ebb00000,0x00000000ebb00000)
  from space 66048K, 99% used [0x00000000f0280000,0x00000000f42fe668,0x00000000f4300000)
  to   space 69632K, 0% used [0x00000000ebb00000,0x00000000ebb00000,0x00000000eff00000)
 ParOldGen       total 317440K, used 191346K [0x0000000080000000, 0x0000000093600000, 0x00000000d5580000)
  object space 317440K, 60% used [0x0000000080000000,0x000000008badc9f0,0x0000000093600000)
 Metaspace       used 126925K, capacity 132106K, committed 132264K, reserved 1165312K
  class space    used 15973K, capacity 16964K, committed 17072K, reserved 1048576K
Event: 525.096 GC heap after
Heap after GC invocations=25 (full 4):
 PSYoungGen      total 435712K, used 65165K [0x00000000d5580000, 0x00000000f4300000, 0x0000000100000000)
  eden space 366080K, 0% used [0x00000000d5580000,0x00000000d5580000,0x00000000ebb00000)
  from space 69632K, 93% used [0x00000000ebb00000,0x00000000efaa36d0,0x00000000eff00000)
  to   space 66048K, 0% used [0x00000000f0280000,0x00000000f0280000,0x00000000f4300000)
 ParOldGen       total 317440K, used 196409K [0x0000000080000000, 0x0000000093600000, 0x00000000d5580000)
  object space 317440K, 61% used [0x0000000080000000,0x000000008bfce598,0x0000000093600000)
 Metaspace       used 126925K, capacity 132106K, committed 132264K, reserved 1165312K
  class space    used 15973K, capacity 16964K, committed 17072K, reserved 1048576K
}
Event: 637.627 GC heap before
{Heap before GC invocations=26 (full 4):
 PSYoungGen      total 435712K, used 431245K [0x00000000d5580000, 0x00000000f4300000, 0x0000000100000000)
  eden space 366080K, 100% used [0x00000000d5580000,0x00000000ebb00000,0x00000000ebb00000)
  from space 69632K, 93% used [0x00000000ebb00000,0x00000000efaa36d0,0x00000000eff00000)
  to   space 66048K, 0% used [0x00000000f0280000,0x00000000f0280000,0x00000000f4300000)
 ParOldGen       total 317440K, used 196409K [0x0000000080000000, 0x0000000093600000, 0x00000000d5580000)
  object space 317440K, 61% used [0x0000000080000000,0x000000008bfce598,0x0000000093600000)
 Metaspace       used 127489K, capacity 132708K, committed 132776K, reserved 1165312K
  class space    used 16004K, capacity 17019K, committed 17072K, reserved 1048576K
Event: 637.672 GC heap after
Heap after GC invocations=26 (full 4):
 PSYoungGen      total 432128K, used 52552K [0x00000000d5580000, 0x00000000f4300000, 0x0000000100000000)
  eden space 366080K, 0% used [0x00000000d5580000,0x00000000d5580000,0x00000000ebb00000)
  from space 66048K, 79% used [0x00000000f0280000,0x00000000f35d2338,0x00000000f4300000)
  to   space 69632K, 0% used [0x00000000ebb00000,0x00000000ebb00000,0x00000000eff00000)
 ParOldGen       total 317440K, used 196417K [0x0000000080000000, 0x0000000093600000, 0x00000000d5580000)
  object space 317440K, 61% used [0x0000000080000000,0x000000008bfd0598,0x0000000093600000)
 Metaspace       used 127489K, capacity 132708K, committed 132776K, reserved 1165312K
  class space    used 16004K, capacity 17019K, committed 17072K, reserved 1048576K
}

