# JRE version: OpenJDK Runtime Environment (8.0_242-b01) (build 1.8.0_242-release-1644-b01)
# Java VM: OpenJDK 64-Bit Server VM (25.242-b01 mixed mode windows-amd64 compressed oops)
Heap:
 PSYoungGen      total 485888K, used 254297K [0x00000000d5580000, 0x00000000fee00000, 0x0000000100000000)
  eden space 391680K, 40% used [0x00000000d5580000,0x00000000df1dc6e0,0x00000000ed400000)
  from space 94208K, 99% used [0x00000000ed400000,0x00000000f2ffa050,0x00000000f3000000)
  to   space 124928K, 0% used [0x00000000f7400000,0x00000000f7400000,0x00000000fee00000)
 ParOldGen       total 321536K, used 164688K [0x0000000080000000, 0x0000000093a00000, 0x00000000d5580000)
  object space 321536K, 51% used [0x0000000080000000,0x000000008a0d4350,0x0000000093a00000)
 Metaspace       used 120254K, capacity 124708K, committed 125096K, reserved 1159168K
  class space    used 15035K, capacity 15949K, committed 16048K, reserved 1048576K
GC Heap History (10 events):
Event: 150.259 GC heap before
{Heap before GC invocations=19 (full 4):
 PSYoungGen      total 382464K, used 324608K [0x00000000d5580000, 0x00000000f0480000, 0x0000000100000000)
  eden space 324608K, 100% used [0x00000000d5580000,0x00000000e9280000,0x00000000e9280000)
  from space 57856K, 0% used [0x00000000ecc00000,0x00000000ecc00000,0x00000000f0480000)
  to   space 58368K, 0% used [0x00000000e9280000,0x00000000e9280000,0x00000000ecb80000)
 ParOldGen       total 321536K, used 61363K [0x0000000080000000, 0x0000000093a00000, 0x00000000d5580000)
  object space 321536K, 19% used [0x0000000080000000,0x0000000083bece80,0x0000000093a00000)
 Metaspace       used 95932K, capacity 99378K, committed 100264K, reserved 1136640K
  class space    used 12350K, capacity 13076K, committed 13232K, reserved 1048576K
Event: 150.332 GC heap after
Heap after GC invocations=19 (full 4):
 PSYoungGen      total 382976K, used 44177K [0x00000000d5580000, 0x00000000f5580000, 0x0000000100000000)
  eden space 324608K, 0% used [0x00000000d5580000,0x00000000d5580000,0x00000000e9280000)
  from space 58368K, 75% used [0x00000000e9280000,0x00000000ebda47a0,0x00000000ecb80000)
  to   space 62976K, 0% used [0x00000000f1800000,0x00000000f1800000,0x00000000f5580000)
 ParOldGen       total 321536K, used 61371K [0x0000000080000000, 0x0000000093a00000, 0x00000000d5580000)
  object space 321536K, 19% used [0x0000000080000000,0x0000000083beee80,0x0000000093a00000)
 Metaspace       used 95932K, capacity 99378K, committed 100264K, reserved 1136640K
  class space    used 12350K, capacity 13076K, committed 13232K, reserved 1048576K
}
Event: 200.696 GC heap before
{Heap before GC invocations=20 (full 4):
 PSYoungGen      total 382976K, used 368785K [0x00000000d5580000, 0x00000000f5580000, 0x0000000100000000)
  eden space 324608K, 100% used [0x00000000d5580000,0x00000000e9280000,0x00000000e9280000)
  from space 58368K, 75% used [0x00000000e9280000,0x00000000ebda47a0,0x00000000ecb80000)
  to   space 62976K, 0% used [0x00000000f1800000,0x00000000f1800000,0x00000000f5580000)
 ParOldGen       total 321536K, used 61371K [0x0000000080000000, 0x0000000093a00000, 0x00000000d5580000)
  object space 321536K, 19% used [0x0000000080000000,0x0000000083beee80,0x0000000093a00000)
 Metaspace       used 102257K, capacity 105954K, committed 106664K, reserved 1142784K
  class space    used 13050K, capacity 13798K, committed 14000K, reserved 1048576K
Event: 200.724 GC heap after
Heap after GC invocations=20 (full 4):
 PSYoungGen      total 433664K, used 12354K [0x00000000d5580000, 0x00000000f4680000, 0x0000000100000000)
  eden space 386048K, 0% used [0x00000000d5580000,0x00000000d5580000,0x00000000ece80000)
  from space 47616K, 25% used [0x00000000f1800000,0x00000000f2410958,0x00000000f4680000)
  to   space 61440K, 0% used [0x00000000ece80000,0x00000000ece80000,0x00000000f0a80000)
 ParOldGen       total 321536K, used 61379K [0x0000000080000000, 0x0000000093a00000, 0x00000000d5580000)
  object space 321536K, 19% used [0x0000000080000000,0x0000000083bf0e80,0x0000000093a00000)
 Metaspace       used 102257K, capacity 105954K, committed 106664K, reserved 1142784K
  class space    used 13050K, capacity 13798K, committed 14000K, reserved 1048576K
}
Event: 5170.096 GC heap before
{Heap before GC invocations=21 (full 4):
 PSYoungGen      total 433664K, used 398402K [0x00000000d5580000, 0x00000000f4680000, 0x0000000100000000)
  eden space 386048K, 100% used [0x00000000d5580000,0x00000000ece80000,0x00000000ece80000)
  from space 47616K, 25% used [0x00000000f1800000,0x00000000f2410958,0x00000000f4680000)
  to   space 61440K, 0% used [0x00000000ece80000,0x00000000ece80000,0x00000000f0a80000)
 ParOldGen       total 321536K, used 61379K [0x0000000080000000, 0x0000000093a00000, 0x00000000d5580000)
  object space 321536K, 19% used [0x0000000080000000,0x0000000083bf0e80,0x0000000093a00000)
 Metaspace       used 103480K, capacity 107494K, committed 107688K, reserved 1142784K
  class space    used 13159K, capacity 13966K, committed 14000K, reserved 1048576K
Event: 5170.133 GC heap after
Heap after GC invocations=21 (full 4):
 PSYoungGen      total 447488K, used 10184K [0x00000000d5580000, 0x00000000f6a80000, 0x0000000100000000)
  eden space 386048K, 0% used [0x00000000d5580000,0x00000000d5580000,0x00000000ece80000)
  from space 61440K, 16% used [0x00000000ece80000,0x00000000ed8721d8,0x00000000f0a80000)
  to   space 59904K, 0% used [0x00000000f3000000,0x00000000f3000000,0x00000000f6a80000)
 ParOldGen       total 321536K, used 61387K [0x0000000080000000, 0x0000000093a00000, 0x00000000d5580000)
  object space 321536K, 19% used [0x0000000080000000,0x0000000083bf2e80,0x0000000093a00000)
 Metaspace       used 103480K, capacity 107494K, committed 107688K, reserved 1142784K
  class space    used 13159K, capacity 13966K, committed 14000K, reserved 1048576K
}
Event: 5177.057 GC heap before
{Heap before GC invocations=22 (full 4):
 PSYoungGen      total 447488K, used 396232K [0x00000000d5580000, 0x00000000f6a80000, 0x0000000100000000)
  eden space 386048K, 100% used [0x00000000d5580000,0x00000000ece80000,0x00000000ece80000)
  from space 61440K, 16% used [0x00000000ece80000,0x00000000ed8721d8,0x00000000f0a80000)
  to   space 59904K, 0% used [0x00000000f3000000,0x00000000f3000000,0x00000000f6a80000)
 ParOldGen       total 321536K, used 61387K [0x0000000080000000, 0x0000000093a00000, 0x00000000d5580000)
  object space 321536K, 19% used [0x0000000080000000,0x0000000083bf2e80,0x0000000093a00000)
 Metaspace       used 111722K, capacity 115872K, committed 116136K, reserved 1150976K
  class space    used 14086K, capacity 14915K, committed 15024K, reserved 1048576K
Event: 5177.195 GC heap after
Heap after GC invocations=22 (full 4):
 PSYoungGen      total 451584K, used 59893K [0x00000000d5580000, 0x00000000fb300000, 0x0000000100000000)
  eden space 391680K, 0% used [0x00000000d5580000,0x00000000d5580000,0x00000000ed400000)
  from space 59904K, 99% used [0x00000000f3000000,0x00000000f6a7d600,0x00000000f6a80000)
  to   space 94208K, 0% used [0x00000000ed400000,0x00000000ed400000,0x00000000f3000000)
 ParOldGen       total 321536K, used 126394K [0x0000000080000000, 0x0000000093a00000, 0x00000000d5580000)
  object space 321536K, 39% used [0x0000000080000000,0x0000000087b6e960,0x0000000093a00000)
 Metaspace       used 111722K, capacity 115872K, committed 116136K, reserved 1150976K
  class space    used 14086K, capacity 14915K, committed 15024K, reserved 1048576K
}
Event: 5222.838 GC heap before
{Heap before GC invocations=23 (full 4):
 PSYoungGen      total 451584K, used 451573K [0x00000000d5580000, 0x00000000fb300000, 0x0000000100000000)
  eden space 391680K, 100% used [0x00000000d5580000,0x00000000ed400000,0x00000000ed400000)
  from space 59904K, 99% used [0x00000000f3000000,0x00000000f6a7d600,0x00000000f6a80000)
  to   space 94208K, 0% used [0x00000000ed400000,0x00000000ed400000,0x00000000f3000000)
 ParOldGen       total 321536K, used 126394K [0x0000000080000000, 0x0000000093a00000, 0x00000000d5580000)
  object space 321536K, 39% used [0x0000000080000000,0x0000000087b6e960,0x0000000093a00000)
 Metaspace       used 120082K, capacity 124568K, committed 124840K, reserved 1159168K
  class space    used 15027K, capacity 15947K, committed 16048K, reserved 1048576K
Event: 5222.943 GC heap after
Heap after GC invocations=23 (full 4):
 PSYoungGen      total 485888K, used 94184K [0x00000000d5580000, 0x00000000fee00000, 0x0000000100000000)
  eden space 391680K, 0% used [0x00000000d5580000,0x00000000d5580000,0x00000000ed400000)
  from space 94208K, 99% used [0x00000000ed400000,0x00000000f2ffa050,0x00000000f3000000)
  to   space 124928K, 0% used [0x00000000f7400000,0x00000000f7400000,0x00000000fee00000)
 ParOldGen       total 321536K, used 164688K [0x0000000080000000, 0x0000000093a00000, 0x00000000d5580000)
  object space 321536K, 51% used [0x0000000080000000,0x000000008a0d4350,0x0000000093a00000)
 Metaspace       used 120082K, capacity 124568K, committed 124840K, reserved 1159168K
  class space    used 15027K, capacity 15947K, committed 16048K, reserved 1048576K
}

